e:\pong(opengl)\pong(opengl)\debug\vc140.pdb
e:\pong(opengl)\pong(opengl)\debug\vc140.idb
e:\pong(opengl)\pong(opengl)\debug\event.obj
e:\pong(opengl)\pong(opengl)\debug\fpstimer.obj
e:\pong(opengl)\pong(opengl)\debug\functioncalltracker.obj
e:\pong(opengl)\pong(opengl)\debug\game.obj
e:\pong(opengl)\pong(opengl)\debug\gameobject.obj
e:\pong(opengl)\pong(opengl)\debug\globalstuff.obj
e:\pong(opengl)\pong(opengl)\debug\input.obj
e:\pong(opengl)\pong(opengl)\debug\isubscriber.obj
e:\pong(opengl)\pong(opengl)\debug\main.obj
e:\pong(opengl)\pong(opengl)\debug\sprite.obj
e:\pong(opengl)\pong(opengl)\debug\subscriber.obj
e:\pong(opengl)\pong(opengl)\output\pong(opengl).ilk
e:\pong(opengl)\pong(opengl)\output\pong(opengl).exe
e:\pong(opengl)\pong(opengl)\output\pong(opengl).pdb
e:\pong(opengl)\pong(opengl)\.\output\pong(opengl).exe
e:\pong(opengl)\pong(opengl)\debug\pong(opengl).tlog\cl.command.1.tlog
e:\pong(opengl)\pong(opengl)\debug\pong(opengl).tlog\cl.read.1.tlog
e:\pong(opengl)\pong(opengl)\debug\pong(opengl).tlog\cl.write.1.tlog
e:\pong(opengl)\pong(opengl)\debug\pong(opengl).tlog\link.command.1.tlog
e:\pong(opengl)\pong(opengl)\debug\pong(opengl).tlog\link.read.1.tlog
e:\pong(opengl)\pong(opengl)\debug\pong(opengl).tlog\link.write.1.tlog
