C:\Program Files (x86)\MSBuild\Microsoft.Cpp\v4.0\V140\Microsoft.CppBuild.targets(368,5): warning MSB8004: Output Directory does not end with a trailing slash.  This build instance will add the slash as it is required to allow proper evaluation of the Output Directory.
  Upgrade.cpp
  Timer.cpp
  Subscriber.cpp
  Sprite.cpp
e:\programingprojects\pongopengl\pongopengl\game.h(4): fatal error C1083: Cannot open include file: 'SDL.h': No such file or directory
  ScreenMenu.cpp
e:\programingprojects\pongopengl\pongopengl\screenmenu.cpp(12): warning C4244: 'argument': conversion from 'float' to 'int', possible loss of data
e:\programingprojects\pongopengl\pongopengl\screenmenu.cpp(13): warning C4244: 'argument': conversion from 'float' to 'int', possible loss of data
  ScreenGame.cpp
e:\programingprojects\pongopengl\pongopengl\controler.h(4): fatal error C1083: Cannot open include file: 'SDL.h': No such file or directory
  Screen.cpp
e:\programingprojects\pongopengl\pongopengl\controler.h(4): fatal error C1083: Cannot open include file: 'SDL.h': No such file or directory
  PointsLayer.cpp
e:\programingprojects\pongopengl\pongopengl\game.h(4): fatal error C1083: Cannot open include file: 'SDL.h': No such file or directory
  Physics.cpp
  Paddle.cpp
e:\programingprojects\pongopengl\pongopengl\controler.h(4): fatal error C1083: Cannot open include file: 'SDL.h': No such file or directory
  Main.cpp
e:\programingprojects\pongopengl\pongopengl\main.cpp(1): fatal error C1083: Cannot open include file: 'SDL.h': No such file or directory
  ISubscriber.cpp
  Input.cpp
e:\programingprojects\pongopengl\pongopengl\input.h(4): fatal error C1083: Cannot open include file: 'SDL.h': No such file or directory
  GlobalStuff.cpp
e:\programingprojects\pongopengl\pongopengl\controler.h(4): fatal error C1083: Cannot open include file: 'SDL.h': No such file or directory
  GameObject.cpp
e:\programingprojects\pongopengl\pongopengl\gameobject.cpp(41): warning C4244: '=': conversion from 'int' to 'float', possible loss of data
e:\programingprojects\pongopengl\pongopengl\gameobject.cpp(42): warning C4244: '=': conversion from 'int' to 'float', possible loss of data
  Game.cpp
e:\programingprojects\pongopengl\pongopengl\game.h(4): fatal error C1083: Cannot open include file: 'SDL.h': No such file or directory
  FunctionCallTracker.cpp
  FPSTimer.cpp
e:\programingprojects\pongopengl\pongopengl\fpstimer.cpp(2): fatal error C1083: Cannot open include file: 'SDL.h': No such file or directory
  Force.cpp
  Event.cpp
  Generating Code...
  Compiling...
  EffectOnPickup.cpp
e:\programingprojects\pongopengl\pongopengl\effectonpickup.cpp(19): warning C4244: 'argument': conversion from 'int' to 'float', possible loss of data
  Controler.cpp
e:\programingprojects\pongopengl\pongopengl\controler.h(4): fatal error C1083: Cannot open include file: 'SDL.h': No such file or directory
  Collider.cpp
e:\programingprojects\pongopengl\pongopengl\controler.h(4): fatal error C1083: Cannot open include file: 'SDL.h': No such file or directory
  Button.cpp
e:\programingprojects\pongopengl\pongopengl\game.h(4): fatal error C1083: Cannot open include file: 'SDL.h': No such file or directory
  Ball.cpp
e:\programingprojects\pongopengl\pongopengl\game.h(4): fatal error C1083: Cannot open include file: 'SDL.h': No such file or directory
  Generating Code...
